<?xml version="1.0" encoding="UTF-8"?>
<!-- Generated by org.testng.reporters.JUnitReportReporter -->
<testsuite hostname="NP036L" name="com.javacodegeeks.testng.maven.NewTest" tests="1" failures="0" timestamp="23 Dec 2016 09:46:00 GMT" time="66.588" errors="0">
  <testcase name="createApplication" time="66.588" classname="com.javacodegeeks.testng.maven.NewTest"/>
</testsuite> <!-- com.javacodegeeks.testng.maven.NewTest -->
