<?xml version="1.0" encoding="UTF-8"?>
<!-- Generated by org.testng.reporters.JUnitReportReporter -->
<testsuite hostname="NP036L" name="com.javacodegeeks.testng.maven.NewTest" tests="1" failures="0" timestamp="22 Dec 2016 12:34:43 GMT" time="62.447" errors="0">
  <testcase name="createApplication" time="62.447" classname="com.javacodegeeks.testng.maven.NewTest"/>
</testsuite> <!-- com.javacodegeeks.testng.maven.NewTest -->
